INFO  2026-03-14 15:49:37,321 serena.cli:health_check:822 - Starting health check for project: c:\CODE\13.03.26_LifeOS
INFO  2026-03-14 15:49:37,321 serena.cli:health_check:826 - Creating SerenaAgent with disabled dashboard...
INFO  2026-03-14 15:49:37,322 serena.util.file_system:_load_gitignore_files:152 - Processing .gitignore file: C:\CODE\13.03.26_LifeOS\.serena\.gitignore
INFO  2026-03-14 15:49:37,324 serena.agent:__init__:310 - Will record tool usage statistics with token count estimator: CHAR_COUNT.
INFO  2026-03-14 15:49:37,326 serena.util.file_system:_load_gitignore_files:152 - Processing .gitignore file: C:\CODE\13.03.26_LifeOS\.husky\_\.gitignore
INFO  2026-03-14 15:49:37,337 serena.util.file_system:stop:367 - Loading of .gitignore files completed in 0.019 seconds
INFO  2026-03-14 15:49:37,338 serena.project:stop:367 - Gathering ignore spec for project 13.03.26_LifeOS completed in 0.020 seconds
INFO  2026-03-14 15:49:37,543 serena.agent:__init__:314 - Starting Serena server (version=0.1.4-c6299189-dirty, process id=41052, parent process id=21868; language backend=LSP)
INFO  2026-03-14 15:49:37,543 serena.agent:__init__:318 - Configuration file: C:\Users\Brain\.serena\serena_config.yml
INFO  2026-03-14 15:49:37,543 serena.agent:__init__:319 - Available projects: 13.03.26_LifeOS
INFO  2026-03-14 15:49:37,544 serena.agent:__init__:320 - Loaded tools (43): read_file, create_text_file, list_dir, find_file, replace_content, delete_lines, replace_lines, insert_at_line, search_for_pattern, restart_language_server, get_symbols_overview, find_symbol, find_referencing_symbols, replace_symbol_body, insert_after_symbol, insert_before_symbol, rename_symbol, write_memory, read_memory, list_memories, delete_memory, rename_memory, edit_memory, execute_shell_command, open_dashboard, activate_project, remove_project, switch_modes, get_current_config, check_onboarding_performed, onboarding, think_about_collected_information, think_about_task_adherence, think_about_whether_you_are_done, summarize_changes, prepare_for_new_conversation, initial_instructions, jet_brains_find_symbol, jet_brains_find_referencing_symbols, jet_brains_get_symbols_overview, jet_brains_type_hierarchy, list_queryable_projects, query_project
INFO  2026-03-14 15:49:37,544 serena.agent:__init__:332 - Using language backend from global configuration: LSP
INFO  2026-03-14 15:49:37,557 serena.config.serena_config:start:360 - Loading project instance for RegisteredProject[project_root=C:\CODE\13.03.26_LifeOS, project_config=ProjectConfig[project_name=13.03.26_LifeOS]] starting ...
INFO  2026-03-14 15:49:37,558 serena.project:__init__:247 - Serena project data folder: C:\CODE\13.03.26_LifeOS\.serena
INFO  2026-03-14 15:49:37,558 serena.project:start:360 - Gathering ignore spec for project 13.03.26_LifeOS starting ...
INFO  2026-03-14 15:49:37,558 serena.config.serena_config:stop:367 - Loading project instance for RegisteredProject[project_root=C:\CODE\13.03.26_LifeOS, project_config=ProjectConfig[project_name=13.03.26_LifeOS]] completed in 0.001 seconds
INFO  2026-03-14 15:49:37,559 serena.util.file_system:start:360 - Loading of .gitignore files starting ...
INFO  2026-03-14 15:49:37,559 serena.agent:activate_project_from_path_or_name:733 - Found registered project '13.03.26_LifeOS' at path C:\CODE\13.03.26_LifeOS
INFO  2026-03-14 15:49:37,559 serena.util.file_system:_load_gitignore_files:152 - Processing .gitignore file: C:\CODE\13.03.26_LifeOS\.gitignore
INFO  2026-03-14 15:49:37,559 serena.agent:_activate_project:690 - Activating 13.03.26_LifeOS at C:\CODE\13.03.26_LifeOS
INFO  2026-03-14 15:49:37,559 serena.task_executor:issue_task:192 - Scheduling Task-1:init_language_server_manager
INFO  2026-03-14 15:49:37,560 serena.agent:get_mode_names:215 - Active modes: ['editing', 'interactive']
INFO  2026-03-14 15:49:37,563 serena.agent:apply:155 - SerenaAgentContext[name='desktop-app'] included 1 tools: switch_modes
INFO  2026-03-14 15:49:37,563 serena.util.file_system:_load_gitignore_files:152 - Processing .gitignore file: C:\CODE\13.03.26_LifeOS\.serena\.gitignore
INFO  2026-03-14 15:49:37,563 serena.agent:_create_base_toolset:448 - Number of exposed tools: 27
INFO  2026-03-14 15:49:37,565 serena.agent:__init__:359 - Number of exposed tools: 27
INFO  2026-03-14 15:49:37,565 serena.agent:_update_active_tools:644 - Active tools (27): activate_project, check_onboarding_performed, create_text_file, delete_memory, edit_memory, execute_shell_command, find_file, find_referencing_symbols, find_symbol, get_current_config, get_symbols_overview, initial_instructions, insert_after_symbol, insert_before_symbol, list_dir, list_memories, onboarding, prepare_for_new_conversation, read_file, read_memory, rename_memory, rename_symbol, replace_content, replace_symbol_body, search_for_pattern, switch_modes, write_memory
INFO  2026-03-14 15:49:37,566 serena.cli:health_check:829 - SerenaAgent created successfully
INFO  2026-03-14 15:49:37,566 serena.cli:health_check:832 - Searching for analyzable files...
INFO  2026-03-14 15:49:37,568 serena.util.file_system:_load_gitignore_files:152 - Processing .gitignore file: C:\CODE\13.03.26_LifeOS\.husky\_\.gitignore
INFO  2026-03-14 15:49:37,598 serena.util.file_system:stop:367 - Loading of .gitignore files completed in 0.039 seconds
INFO  2026-03-14 15:49:37,598 serena.project:stop:367 - Gathering ignore spec for project 13.03.26_LifeOS completed in 0.040 seconds
INFO  2026-03-14 15:49:37,627 serena.cli:health_check:841 - Found analyzable file: commitlint.config.js
INFO  2026-03-14 15:49:37,628 serena.cli:health_check:859 - Testing GetSymbolsOverviewTool on file: commitlint.config.js
INFO  2026-03-14 15:49:37,628 serena.task_executor:issue_task:192 - Scheduling Task-2:<lambda>
INFO  2026-03-14 15:49:37,644 serena.task_executor:_process_task_queue:123 - Starting execution of Task-1:init_language_server_manager
INFO  2026-03-14 15:49:37,645 serena.task_executor:start:360 - Task-1:init_language_server_manager starting ...
INFO  2026-03-14 15:49:37,645 serena.agent:start:360 - Language server initialization starting ...
INFO  2026-03-14 15:49:37,645 serena.project:create_language_server_manager:618 - Creating language server manager for C:\CODE\13.03.26_LifeOS
INFO  2026-03-14 15:49:37,646 sensai.util.logging:start:360 - Language server startup (language=typescript) starting ...
INFO  2026-03-14 15:49:37,646 serena.ls_manager:create_language_server:48 - Creating language server instance for C:\CODE\13.03.26_LifeOS, language=typescript.
INFO  2026-03-14 15:49:37,646 sensai.util.logging:start:360 - Language server startup (language=powershell) starting ...
INFO  2026-03-14 15:49:37,646 serena.ls_manager:create_language_server:48 - Creating language server instance for C:\CODE\13.03.26_LifeOS, language=powershell.
INFO  2026-03-14 15:49:37,775 solidlsp.language_servers.powershell_language_server:_setup_runtime_dependency:155 - PowerShell Editor Services not found. Downloading...
INFO  2026-03-14 15:49:37,775 solidlsp.language_servers.powershell_language_server:_download_pses:110 - Downloading PowerShell Editor Services from https://github.com/PowerShell/PowerShellEditorServices/releases/download/v4.4.0/PowerShellEditorServices.zip...
INFO  2026-03-14 15:49:37,937 solidlsp.language_servers.typescript_language_server:_get_or_install_core_dependency:159 - Typescript Language Server executable not found at C:\Users\Brain\.serena\language_servers\static\TypeScriptLanguageServer\ts-lsp\node_modules\.bin\typescript-language-server.
INFO  2026-03-14 15:49:37,938 solidlsp.language_servers.typescript_language_server:_get_or_install_core_dependency:175 - Installing TypeScript Language Server dependencies...
INFO  2026-03-14 15:49:37,938 solidlsp.language_servers.typescript_language_server:start:360 - Installation of TypeScript language server dependencies starting ...
INFO  2026-03-14 15:49:37,939 solidlsp.language_servers.common:_run_command:113 - Running command ['npm', 'install', '--prefix', './', 'typescript@5.9.3'] in 'C:\Users\Brain\.serena\language_servers\static\TypeScriptLanguageServer\ts-lsp'
INFO  2026-03-14 15:49:40,410 solidlsp.language_servers.common:_run_command:128 - Command completed successfully
INFO  2026-03-14 15:49:40,411 solidlsp.language_servers.common:_run_command:113 - Running command ['npm', 'install', '--prefix', './', 'typescript-language-server@5.1.3'] in 'C:\Users\Brain\.serena\language_servers\static\TypeScriptLanguageServer\ts-lsp'
INFO  2026-03-14 15:49:45,011 solidlsp.language_servers.common:_run_command:128 - Command completed successfully
INFO  2026-03-14 15:49:45,011 solidlsp.language_servers.typescript_language_server:stop:367 - Installation of TypeScript language server dependencies completed in 7.073 seconds
INFO  2026-03-14 15:49:45,012 solidlsp.language_servers.typescript_language_server:_get_or_install_core_dependency:181 - TypeScript language server dependencies installed successfully
INFO  2026-03-14 15:49:45,012 solidlsp.ls:start:2208 - Starting language server with language typescript for C:\CODE\13.03.26_LifeOS
INFO  2026-03-14 15:49:45,012 solidlsp.language_servers.typescript_language_server:_start_server:280 - Starting TypeScript server process
INFO  2026-03-14 15:49:45,013 solidlsp.ls_process:start:192 - Starting language server process via command: ['C:\\Users\\Brain\\.serena\\language_servers\\static\\TypeScriptLanguageServer\\ts-lsp\\node_modules\\.bin\\typescript-language-server', '--stdio']
INFO  2026-03-14 15:49:45,019 solidlsp.language_servers.typescript_language_server:_start_server:284 - Sending initialize request from LSP client to LSP server and awaiting response
INFO  2026-03-14 15:49:45,164 solidlsp.language_servers.typescript_language_server:window_log_message:264 - LSP: window/logMessage: {'type': 3, 'message': 'Using Typescript version (workspace) 5.9.3 from path "c:\\CODE\\13.03.26_LifeOS\\node_modules\\typescript\\lib\\tsserver.js"'}
WARNING 2026-03-14 15:49:45,165 solidlsp.ls_process:_notification_handler:566 - Unhandled method '$/typescriptVersion'
INFO  2026-03-14 15:49:46,172 solidlsp.language_servers.typescript_language_server:_start_server:301 - Timeout waiting for TypeScript server to become ready, proceeding anyway
INFO  2026-03-14 15:49:46,172 sensai.util.logging:stop:367 - Language server startup (language=typescript) completed in 8.526 seconds
INFO  2026-03-14 15:50:06,802 solidlsp.language_servers.powershell_language_server:_download_pses:120 - Extracting PowerShell Editor Services to C:\Users\Brain\.serena\language_servers\static\PowerShellLanguageServer\powershell...
INFO  2026-03-14 15:50:07,286 solidlsp.language_servers.powershell_language_server:_download_pses:131 - PowerShell Editor Services installed at: C:\Users\Brain\.serena\language_servers\static\PowerShellLanguageServer\powershell
INFO  2026-03-14 15:50:07,794 solidlsp.ls:start:2208 - Starting language server with language powershell for C:\CODE\13.03.26_LifeOS
INFO  2026-03-14 15:50:07,794 solidlsp.language_servers.powershell_language_server:_start_server:300 - Starting PowerShell Editor Services process
INFO  2026-03-14 15:50:07,795 solidlsp.ls_process:start:192 - Starting language server process via command: ['C:\\Program Files\\PowerShell\\7\\pwsh.EXE', '-NoLogo', '-NoProfile', '-Command', "& 'C:\\Users\\Brain\\.serena\\language_servers\\static\\PowerShellLanguageServer\\powershell\\PowerShellEditorServices\\Start-EditorServices.ps1' -HostName 'SolidLSP' -HostProfileId 'solidlsp' -HostVersion '1.0.0' -BundledModulesPath 'C:\\Users\\Brain\\.serena\\language_servers\\static\\PowerShellLanguageServer\\powershell\\PowerShellEditorServices' -LogPath 'C:\\Users\\Brain\\AppData\\Local\\Temp\\solidlsp_pses\\pses.log' -LogLevel 'Information' -SessionDetailsPath 'C:\\Users\\Brain\\AppData\\Local\\Temp\\solidlsp_pses\\session.json' -Stdio"]
INFO  2026-03-14 15:50:08,071 solidlsp.language_servers.powershell_language_server:_start_server:304 - Sending initialize request from LSP client to LSP server and awaiting response
INFO  2026-03-14 15:50:09,997 solidlsp.language_servers.powershell_language_server:_start_server:306 - Received initialize response from PowerShell server: {'capabilities': {'documentHighlightProvider': {}, 'codeLensProvider': {'resolveProvider': True}, 'experimental': {}, 'semanticTokensProvider': {'legend': {'tokenTypes': ['comment', 'keyword', 'string', 'number', 'regexp', 'operator', 'namespace', 'type', 'struct', 'class', 'interface', 'enum', 'typeParameter', 'function', 'method', 'property', 'macro', 'variable', 'parameter', 'label', 'modifier', 'event', 'enumMember', 'decorator'], 'tokenModifiers': ['documentation', 'declaration', 'definition', 'static', 'async', 'abstract', 'deprecated', 'readonly', 'modification', 'defaultLibrary']}, 'range': True, 'full': {'delta': True}}, 'foldingRangeProvider': {}, 'workspace': {'workspaceFolders': {'supported': True, 'changeNotifications': True}, 'fileOperations': {}}}, 'serverInfo': {'name': 'pwsh', 'version': '7.5.4 SHA: b85ee4f6cb05176034f0310e4694b31702b006d2+b85ee4f6cb05176034f0310e4694b31702b006d2'}}
INFO  2026-03-14 15:50:09,998 solidlsp.language_servers.powershell_language_server:_start_server:311 - Server capabilities: {'documentHighlightProvider': {}, 'codeLensProvider': {'resolveProvider': True}, 'experimental': {}, 'semanticTokensProvider': {'legend': {'tokenTypes': ['comment', 'keyword', 'string', 'number', 'regexp', 'operator', 'namespace', 'type', 'struct', 'class', 'interface', 'enum', 'typeParameter', 'function', 'method', 'property', 'macro', 'variable', 'parameter', 'label', 'modifier', 'event', 'enumMember', 'decorator'], 'tokenModifiers': ['documentation', 'declaration', 'definition', 'static', 'async', 'abstract', 'deprecated', 'readonly', 'modification', 'defaultLibrary']}, 'range': True, 'full': {'delta': True}}, 'foldingRangeProvider': {}, 'workspace': {'workspaceFolders': {'supported': True, 'changeNotifications': True}, 'fileOperations': {}}}
INFO  2026-03-14 15:50:09,998 solidlsp.language_servers.powershell_language_server:_start_server:317 - Waiting for PowerShell Editor Services to be ready...
INFO  2026-03-14 15:50:10,036 solidlsp.language_servers.powershell_language_server:register_capability_handler:276 - PSES registered dynamic capability: textDocument/completion
INFO  2026-03-14 15:50:10,036 solidlsp.language_servers.powershell_language_server:register_capability_handler:276 - PSES registered dynamic capability: textDocument/didClose
INFO  2026-03-14 15:50:10,036 solidlsp.language_servers.powershell_language_server:register_capability_handler:276 - PSES registered dynamic capability: textDocument/didChange
INFO  2026-03-14 15:50:10,037 solidlsp.language_servers.powershell_language_server:register_capability_handler:276 - PSES registered dynamic capability: textDocument/definition
INFO  2026-03-14 15:50:10,037 solidlsp.language_servers.powershell_language_server:register_capability_handler:276 - PSES registered dynamic capability: textDocument/signatureHelp
INFO  2026-03-14 15:50:10,037 solidlsp.language_servers.powershell_language_server:register_capability_handler:276 - PSES registered dynamic capability: textDocument/formatting
INFO  2026-03-14 15:50:10,037 solidlsp.language_servers.powershell_language_server:register_capability_handler:276 - PSES registered dynamic capability: workspace/symbol
INFO  2026-03-14 15:50:10,037 solidlsp.language_servers.powershell_language_server:register_capability_handler:276 - PSES registered dynamic capability: textDocument/documentSymbol
INFO  2026-03-14 15:50:10,037 solidlsp.language_servers.powershell_language_server:register_capability_handler:276 - PSES registered dynamic capability: textDocument/codeAction
INFO  2026-03-14 15:50:10,037 solidlsp.language_servers.powershell_language_server:_start_server:323 - PowerShell Editor Services initialization complete
INFO  2026-03-14 15:50:10,037 solidlsp.language_servers.powershell_language_server:register_capability_handler:276 - PSES registered dynamic capability: textDocument/didOpen
INFO  2026-03-14 15:50:10,038 sensai.util.logging:stop:367 - Language server startup (language=powershell) completed in 32.391 seconds
INFO  2026-03-14 15:50:10,038 solidlsp.language_servers.powershell_language_server:register_capability_handler:276 - PSES registered dynamic capability: textDocument/references
INFO  2026-03-14 15:50:10,038 serena.agent:stop:367 - Language server initialization completed in 32.393 seconds
INFO  2026-03-14 15:50:10,038 solidlsp.language_servers.powershell_language_server:register_capability_handler:276 - PSES registered dynamic capability: textDocument/hover
INFO  2026-03-14 15:50:10,038 serena.task_executor:stop:367 - Task-1:init_language_server_manager completed in 32.393 seconds
INFO  2026-03-14 15:50:10,038 serena.task_executor:_process_task_queue:123 - Starting execution of Task-2:<lambda>
INFO  2026-03-14 15:50:10,039 solidlsp.language_servers.powershell_language_server:register_capability_handler:276 - PSES registered dynamic capability: textDocument/didSave
INFO  2026-03-14 15:50:10,039 solidlsp.language_servers.powershell_language_server:register_capability_handler:276 - PSES registered dynamic capability: textDocument/rangeFormatting
INFO  2026-03-14 15:50:10,039 serena.task_executor:start:360 - Task-2:<lambda> starting ...
INFO  2026-03-14 15:50:10,039 solidlsp.language_servers.powershell_language_server:window_log_message:284 - LSP: window/logMessage: {'type': 4, 'message': "Trace: OmniSharp.Extensions.LanguageServer.Server.Configuration.DidChangeConfigurationProvider: No ConfigurationItems have been defined, configuration won't surface any configuration from the client! | "}
INFO  2026-03-14 15:50:10,394 serena.task_executor:stop:367 - Task-2:<lambda> completed in 0.355 seconds
INFO  2026-03-14 15:50:10,394 serena.cli:health_check:861 - GetSymbolsOverviewTool returned: [{'name': 'extends', 'kind': 'Property'}, {'name': 'rules', 'kind': 'Property'}]
INFO  2026-03-14 15:50:10,395 serena.cli:health_check:880 - No class or function found, using first available symbol
INFO  2026-03-14 15:50:10,395 serena.cli:health_check:884 - Using symbol for testing: extends (kind: Property)
INFO  2026-03-14 15:50:10,395 serena.cli:health_check:887 - Testing FindSymbolTool for symbol: extends
INFO  2026-03-14 15:50:10,395 serena.task_executor:issue_task:192 - Scheduling Task-3:<lambda>
INFO  2026-03-14 15:50:10,494 serena.task_executor:_process_task_queue:123 - Starting execution of Task-3:<lambda>
INFO  2026-03-14 15:50:10,495 serena.task_executor:start:360 - Task-3:<lambda> starting ...
INFO  2026-03-14 15:50:10,496 serena.task_executor:stop:367 - Task-3:<lambda> completed in 0.001 seconds
INFO  2026-03-14 15:50:10,496 serena.cli:health_check:892 - FindSymbolTool found 1 matches for symbol extends
INFO  2026-03-14 15:50:10,496 serena.cli:health_check:895 - Testing FindReferencingSymbolsTool for symbol: extends
INFO  2026-03-14 15:50:10,497 serena.task_executor:issue_task:192 - Scheduling Task-4:<lambda>
INFO  2026-03-14 15:50:10,596 serena.task_executor:_process_task_queue:123 - Starting execution of Task-4:<lambda>
INFO  2026-03-14 15:50:10,597 serena.task_executor:start:360 - Task-4:<lambda> starting ...
INFO  2026-03-14 15:50:12,948 serena.task_executor:stop:367 - Task-4:<lambda> completed in 2.351 seconds
INFO  2026-03-14 15:50:12,948 serena.cli:health_check:899 - FindReferencingSymbolsTool found 0 references for symbol extends
INFO  2026-03-14 15:50:12,948 serena.cli:health_check:905 - Testing SearchForPatternTool for pattern: extends
INFO  2026-03-14 15:50:12,949 serena.task_executor:issue_task:192 - Scheduling Task-5:<lambda>
INFO  2026-03-14 15:50:13,048 serena.task_executor:_process_task_queue:123 - Starting execution of Task-5:<lambda>
INFO  2026-03-14 15:50:13,049 serena.task_executor:start:360 - Task-5:<lambda> starting ...
INFO  2026-03-14 15:50:13,099 serena.util.text_utils:search_files:366 - Processing 110 files.
INFO  2026-03-14 15:50:13,139 serena.util.text_utils:search_files:407 - Found 50 total matches across 110 files
INFO  2026-03-14 15:50:13,139 serena.task_executor:stop:367 - Task-5:<lambda> completed in 0.090 seconds
INFO  2026-03-14 15:50:13,139 serena.cli:health_check:912 - SearchForPatternTool found 50 pattern matches for extends
INFO  2026-03-14 15:50:13,140 serena.cli:health_check:926 - Health check completed successfully
